<?xml version="1.0" encoding="UTF-8"?>
<!-- Generated by org.testng.reporters.JUnitXMLReporter -->
<testsuite hostname="DESKTOP-F3S2J0I" ignored="0" tests="4" failures="0" timestamp="14 Apr 2019 13:18:27 GMT" time="26.025" errors="0">
  <testcase name="verifyErrorMessageTest" time="0.946" classname="TestReservation"/>
  <testcase name="verifyReservationPageTitleTest" time="0.009" classname="TestReservation"/>
  <testcase name="verifyTypeOfServiceTest" time="0.123" classname="TestReservation"/>
  <testcase name="verifytNameAndEmailConstraintTest" time="0.935" classname="TestReservation"/>
</testsuite>
